<?xml version="1.0" encoding="UTF-8"?>
<testng-results skipped="0" failed="0" ignored="0" total="1" passed="1">
  <reporter-output>
  </reporter-output>
  <suite name="Default suite" duration-ms="16295" started-at="2017-11-18T17:10:06Z" finished-at="2017-11-18T17:10:23Z">
    <groups>
    </groups>
    <test name="Default test" duration-ms="16295" started-at="2017-11-18T17:10:06Z" finished-at="2017-11-18T17:10:23Z">
      <class name="com.Keyword.NewToursLogInTest">
        <test-method status="PASS" signature="setUp()[pri:0, instance:com.Keyword.NewToursLogInTest@15b5592]" name="setUp" is-config="true" duration-ms="11537" started-at="2017-11-18T22:40:06Z" finished-at="2017-11-18T22:40:18Z">
          <reporter-output>
          </reporter-output>
        </test-method> <!-- setUp -->
        <test-method status="PASS" signature="LogIn()[pri:1, instance:com.Keyword.NewToursLogInTest@15b5592]" name="LogIn" duration-ms="4571" started-at="2017-11-18T22:40:18Z" finished-at="2017-11-18T22:40:23Z">
          <reporter-output>
          </reporter-output>
        </test-method> <!-- LogIn -->
        <test-method status="PASS" signature="tearDown()[pri:0, instance:com.Keyword.NewToursLogInTest@15b5592]" name="tearDown" is-config="true" duration-ms="164" started-at="2017-11-18T22:40:23Z" finished-at="2017-11-18T22:40:23Z">
          <reporter-output>
          </reporter-output>
        </test-method> <!-- tearDown -->
      </class> <!-- com.Keyword.NewToursLogInTest -->
    </test> <!-- Default test -->
  </suite> <!-- Default suite -->
</testng-results>
