<?xml version="1.0" encoding="UTF-8"?>
<testng-results skipped="0" failed="0" ignored="0" total="2" passed="2">
  <reporter-output>
  </reporter-output>
  <suite name="Default suite" duration-ms="45" started-at="2017-11-16T17:36:20Z" finished-at="2017-11-16T17:36:20Z">
    <groups>
    </groups>
    <test name="Default test" duration-ms="45" started-at="2017-11-16T17:36:20Z" finished-at="2017-11-16T17:36:20Z">
      <class name="com.TestNGAnnotations.Annotations3">
        <test-method status="PASS" signature="OpenApplication_And_LogIn()[pri:0, instance:com.TestNGAnnotations.Annotations3@3b1d11]" name="OpenApplication_And_LogIn" is-config="true" duration-ms="6" started-at="2017-11-16T23:06:20Z" finished-at="2017-11-16T23:06:20Z">
          <reporter-output>
          </reporter-output>
        </test-method> <!-- OpenApplication_And_LogIn -->
        <test-method status="PASS" signature="ComposeMail()[pri:1, instance:com.TestNGAnnotations.Annotations3@3b1d11]" name="ComposeMail" duration-ms="12" started-at="2017-11-16T23:06:20Z" finished-at="2017-11-16T23:06:20Z">
          <reporter-output>
          </reporter-output>
        </test-method> <!-- ComposeMail -->
        <test-method status="PASS" signature="ApplicationClose()[pri:0, instance:com.TestNGAnnotations.Annotations3@3b1d11]" name="ApplicationClose" is-config="true" duration-ms="0" started-at="2017-11-16T23:06:20Z" finished-at="2017-11-16T23:06:20Z">
          <reporter-output>
          </reporter-output>
        </test-method> <!-- ApplicationClose -->
        <test-method status="PASS" signature="SentMail()[pri:2, instance:com.TestNGAnnotations.Annotations3@3b1d11]" name="SentMail" duration-ms="1" started-at="2017-11-16T23:06:20Z" finished-at="2017-11-16T23:06:20Z">
          <reporter-output>
          </reporter-output>
        </test-method> <!-- SentMail -->
        <test-method status="PASS" signature="OpenApplication_And_LogIn()[pri:0, instance:com.TestNGAnnotations.Annotations3@3b1d11]" name="OpenApplication_And_LogIn" is-config="true" duration-ms="0" started-at="2017-11-16T23:06:20Z" finished-at="2017-11-16T23:06:20Z">
          <reporter-output>
          </reporter-output>
        </test-method> <!-- OpenApplication_And_LogIn -->
        <test-method status="PASS" signature="ApplicationClose()[pri:0, instance:com.TestNGAnnotations.Annotations3@3b1d11]" name="ApplicationClose" is-config="true" duration-ms="1" started-at="2017-11-16T23:06:20Z" finished-at="2017-11-16T23:06:20Z">
          <reporter-output>
          </reporter-output>
        </test-method> <!-- ApplicationClose -->
      </class> <!-- com.TestNGAnnotations.Annotations3 -->
    </test> <!-- Default test -->
  </suite> <!-- Default suite -->
</testng-results>
